#
# A fatal error has been detected by the Java Runtime Environment:
#
#  EXCEPTION_ACCESS_VIOLATION (0xc0000005) at pc=0x0000000071cb6910, pid=6424, tid=0x0000000000006ad4
#
# JRE version: Java(TM) SE Runtime Environment (8.0_161-b12) (build 1.8.0_161-b12)
# Java VM: Java HotSpot(TM) 64-Bit Server VM (25.161-b12 mixed mode windows-amd64 compressed oops)
# Problematic frame:
# V  [jvm.dll+0x26910]
#
# Failed to write core dump. Minidumps are not enabled by default on client versions of Windows
#
# If you would like to submit a bug report, please visit:
#   http://bugreport.java.com/bugreport/crash.jsp
#

---------------  T H R E A D  ---------------

Current thread (0x0000000002bfe800):  JavaThread "main" [_thread_in_vm, id=27348, stack(0x0000000002a00000,0x0000000002b00000)]

siginfo: ExceptionCode=0xc0000005, reading address 0x0000000003afd780

Registers:
RAX=0x0000000000000000, RBX=0x0000000002afda70, RCX=0x0000000003afd780, RDX=0x000000000000001c
RSP=0x0000000002afd6b8, RBP=0x0000000002bfe800, RSI=0x0000000003afd780, RDI=0x0000000002afd770
R8 =0x000000000000001c, R9 =0x0000000002bf7e10, R10=0x000000001747d548, R11=0x0000000000000001
R12=0x0000000000000000, R13=0x0000000000000005, R14=0x0000000002afda70, R15=0x0000000002afda70
RIP=0x0000000071cb6910, EFLAGS=0x0000000000010246

Top of Stack: (sp=0x0000000002afd6b8)
0x0000000002afd6b8:   0000000071d4db54 0000000002afda70
0x0000000002afd6c8:   0000000002afd770 00000001000292a8
0x0000000002afd6d8:   0000000071d4fe88 0000000002afd7a0
0x0000000002afd6e8:   00000001000292a8 0000000002afdb90
0x0000000002afd6f8:   0000000002afd7a0 000000001747d548
0x0000000002afd708:   0000000002bfe800 00000000174aee01
0x0000000002afd718:   0000000002bfe800 0000000000000001
0x0000000002afd728:   0000000071d505ee 0000000002afd770
0x0000000002afd738:   0000000002bfe800 0000000002afd800
0x0000000002afd748:   0000000002bfe800 0000000002afd770
0x0000000002afd758:   0000000000000001 0000000000000005
0x0000000002afd768:   0000000002bfe800 000000001747d548
0x0000000002afd778:   0000000002bfe800 000000001747ea88
0x0000000002afd788:   0000000002bfe800 0000000000000001
0x0000000002afd798:   0000000002afd8a0 0000000000000005
0x0000000002afd7a8:   000000001747d548 0000000002bfe800 

Instructions: (pc=0x0000000071cb6910)
0x0000000071cb68f0:   8b cb 48 8b 5c 24 30 48 8b 74 24 38 48 83 c4 20
0x0000000071cb6900:   5f e9 9a 89 2d 00 cc cc cc cc cc cc cc cc cc cc
0x0000000071cb6910:   4c 8b 11 4d 85 d2 74 65 48 8b 41 08 4c 8b 88 40
0x0000000071cb6920:   01 00 00 45 8b 01 41 ff c8 49 63 d0 78 19 49 8b 


Register to memory mapping:

RAX=0x0000000000000000 is an unknown value
RBX=0x0000000002afda70 is pointing into the stack for thread: 0x0000000002bfe800
RCX=0x0000000003afd780 is an unknown value
RDX=0x000000000000001c is an unknown value
RSP=0x0000000002afd6b8 is pointing into the stack for thread: 0x0000000002bfe800
RBP=0x0000000002bfe800 is a thread
RSI=0x0000000003afd780 is an unknown value
RDI=0x0000000002afd770 is pointing into the stack for thread: 0x0000000002bfe800
R8 =0x000000000000001c is an unknown value
R9 =0x0000000002bf7e10 is an unknown value
R10={method} {0x000000001747d550} 'hashCode' '(Ljava/io/File;)I' in 'java/io/WinNTFileSystem'
R11=0x0000000000000001 is an unknown value
R12=0x0000000000000000 is an unknown value
R13=0x0000000000000005 is an unknown value
R14=0x0000000002afda70 is pointing into the stack for thread: 0x0000000002bfe800
R15=0x0000000002afda70 is pointing into the stack for thread: 0x0000000002bfe800


Stack: [0x0000000002a00000,0x0000000002b00000],  sp=0x0000000002afd6b8,  free space=1013k
Native frames: (J=compiled Java code, j=interpreted, Vv=VM code, C=native code)
V  [jvm.dll+0x26910]

Java frames: (J=compiled Java code, j=interpreted, Vv=VM code)
j  java.io.File.hashCode()I+4
j  java.util.HashMap.hash(Ljava/lang/Object;)I+9
j  java.util.HashMap.put(Ljava/lang/Object;Ljava/lang/Object;)Ljava/lang/Object;+2
j  sun.misc.MetaIndex.registerDirectory(Ljava/io/File;)V+178
j  sun.misc.Launcher$ExtClassLoader$1.run()Lsun/misc/Launcher$ExtClassLoader;+19
j  sun.misc.Launcher$ExtClassLoader$1.run()Ljava/lang/Object;+1
v  ~StubRoutines::call_stub
j  java.security.AccessController.doPrivileged(Ljava/security/PrivilegedExceptionAction;)Ljava/lang/Object;+0
j  sun.misc.Launcher$ExtClassLoader.getExtClassLoader()Lsun/misc/Launcher$ExtClassLoader;+12
j  sun.misc.Launcher.<init>()V+4
j  sun.misc.Launcher.<clinit>()V+15
v  ~StubRoutines::call_stub
j  java.lang.ClassLoader.initSystemClassLoader()V+22
j  java.lang.ClassLoader.getSystemClassLoader()Ljava/lang/ClassLoader;+0
v  ~StubRoutines::call_stub

---------------  P R O C E S S  ---------------

Java Threads: ( => current thread )
  0x0000000019776800 JavaThread "Finalizer" daemon [_thread_blocked, id=10776, stack(0x000000001aff0000,0x000000001b0f0000)]
  0x0000000017d0a000 JavaThread "Reference Handler" daemon [_thread_blocked, id=13776, stack(0x000000001aef0000,0x000000001aff0000)]
=>0x0000000002bfe800 JavaThread "main" [_thread_in_vm, id=27348, stack(0x0000000002a00000,0x0000000002b00000)]

Other Threads:
  0x0000000019751000 VMThread [stack: 0x000000001adf0000,0x000000001aef0000] [id=31616]

VM state:not at safepoint (normal execution)

VM Mutex/Monitor currently owned by a thread: None

Heap:
 PSYoungGen      total 35840K, used 614K [0x00000000d8700000, 0x00000000daf00000, 0x0000000100000000)
  eden space 30720K, 2% used [0x00000000d8700000,0x00000000d87999a8,0x00000000da500000)
  from space 5120K, 0% used [0x00000000daa00000,0x00000000daa00000,0x00000000daf00000)
  to   space 5120K, 0% used [0x00000000da500000,0x00000000da500000,0x00000000daa00000)
 ParOldGen       total 81920K, used 0K [0x0000000089400000, 0x000000008e400000, 0x00000000d8700000)
  object space 81920K, 0% used [0x0000000089400000,0x0000000089400000,0x000000008e400000)
 Metaspace       used 1796K, capacity 4480K, committed 4480K, reserved 1056768K
  class space    used 200K, capacity 384K, committed 384K, reserved 1048576K

Card table byte_map: [0x00000000120c0000,0x0000000012480000] byte_map_base: 0x0000000011c76000

Marking Bits: (ParMarkBitMap*) 0x00000000724af860
 Begin Bits: [0x0000000013400000, 0x00000000151b0000)
 End Bits:   [0x00000000151b0000, 0x0000000016f60000)

Polling page: 0x0000000002930000

CodeCache: size=245760Kb used=424Kb max_used=424Kb free=245335Kb
 bounds [0x0000000002d00000, 0x0000000002f70000, 0x0000000011d00000]
 total_blobs=144 nmethods=0 adapters=111
 compilation: enabled

Compilation events (0 events):
No events

GC Heap History (0 events):
No events

Deoptimization events (0 events):
No events

Classes redefined (0 events):
No events

Internal exceptions (2 events):
Event: 0.026 Thread 0x0000000002bfe800 Exception <a 'java/lang/NoSuchMethodError': Method sun.misc.Unsafe.defineClass(Ljava/lang/String;[BII)Ljava/lang/Class; name or signature does not match> (0x00000000d8707ca0) thrown at [C:\re\workspace\8-2-build-windows-amd64-cygwin\jdk8u161\10277\hotspot
Event: 0.026 Thread 0x0000000002bfe800 Exception <a 'java/lang/NoSuchMethodError': Method sun.misc.Unsafe.prefetchRead(Ljava/lang/Object;J)V name or signature does not match> (0x00000000d8707f88) thrown at [C:\re\workspace\8-2-build-windows-amd64-cygwin\jdk8u161\10277\hotspot\src\share\vm\prim

Events (10 events):
Event: 0.040 loading class java/nio/charset/CoderResult
Event: 0.040 loading class java/nio/charset/CoderResult done
Event: 0.040 loading class java/nio/charset/CoderResult$1
Event: 0.040 loading class java/nio/charset/CoderResult$Cache
Event: 0.040 loading class java/nio/charset/CoderResult$Cache done
Event: 0.040 loading class java/nio/charset/CoderResult$1 done
Event: 0.040 loading class java/nio/charset/CoderResult$2
Event: 0.040 loading class java/nio/charset/CoderResult$2 done
Event: 0.040 loading class java/lang/reflect/Array
Event: 0.040 loading class java/lang/reflect/Array done


Dynamic libraries:
0x00007ff7bc3c0000 - 0x00007ff7bc3f7000 	C:\Program Files\Java\jdk1.8.0_161\bin\java.exe
0x00007ff8401f0000 - 0x00007ff840407000 	C:\WINDOWS\SYSTEM32\ntdll.dll
0x00007ff83f0e0000 - 0x00007ff83f1a4000 	C:\WINDOWS\System32\KERNEL32.DLL
0x00007ff83d7a0000 - 0x00007ff83db46000 	C:\WINDOWS\System32\KERNELBASE.dll
0x00007ff83f980000 - 0x00007ff83fa33000 	C:\WINDOWS\System32\ADVAPI32.dll
0x00007ff83f5e0000 - 0x00007ff83f687000 	C:\WINDOWS\System32\msvcrt.dll
0x00007ff83f250000 - 0x00007ff83f2f8000 	C:\WINDOWS\System32\sechost.dll
0x00007ff83d770000 - 0x00007ff83d798000 	C:\WINDOWS\System32\bcrypt.dll
0x00007ff83f300000 - 0x00007ff83f417000 	C:\WINDOWS\System32\RPCRT4.dll
0x00007ff840000000 - 0x00007ff8401ae000 	C:\WINDOWS\System32\USER32.dll
0x00007ff83d740000 - 0x00007ff83d766000 	C:\WINDOWS\System32\win32u.dll
0x00007ff83ee00000 - 0x00007ff83ee29000 	C:\WINDOWS\System32\GDI32.dll
0x00007ff83d5a0000 - 0x00007ff83d6b8000 	C:\WINDOWS\System32\gdi32full.dll
0x00007ff83dc10000 - 0x00007ff83dcaa000 	C:\WINDOWS\System32\msvcp_win.dll
0x00007ff83de20000 - 0x00007ff83df31000 	C:\WINDOWS\System32\ucrtbase.dll
0x00007ff83c780000 - 0x00007ff83ca13000 	C:\WINDOWS\WinSxS\amd64_microsoft.windows.common-controls_6595b64144ccf1df_6.0.22621.2506_none_270c5ae97388e100\COMCTL32.dll
0x00007ff83f580000 - 0x00007ff83f5b1000 	C:\WINDOWS\System32\IMM32.DLL
0x0000000071bb0000 - 0x0000000071c82000 	C:\Program Files\Java\jdk1.8.0_161\jre\bin\msvcr100.dll
0x0000000071c90000 - 0x000000007252f000 	C:\Program Files\Java\jdk1.8.0_161\jre\bin\server\jvm.dll
0x00007ff83fac0000 - 0x00007ff83fac8000 	C:\WINDOWS\System32\PSAPI.DLL
0x00007ff82f0d0000 - 0x00007ff82f0d9000 	C:\WINDOWS\SYSTEM32\WSOCK32.dll
0x00007ff8344a0000 - 0x00007ff8344d4000 	C:\WINDOWS\SYSTEM32\WINMM.dll
0x00007ff83fa40000 - 0x00007ff83fab1000 	C:\WINDOWS\System32\WS2_32.dll
0x00007ff833f00000 - 0x00007ff833f0a000 	C:\WINDOWS\SYSTEM32\VERSION.dll
0x0000000071b60000 - 0x0000000071b6f000 	C:\Program Files\Java\jdk1.8.0_161\jre\bin\verify.dll
0x0000000071b30000 - 0x0000000071b59000 	C:\Program Files\Java\jdk1.8.0_161\jre\bin\java.dll
0x0000000071b10000 - 0x0000000071b26000 	C:\Program Files\Java\jdk1.8.0_161\jre\bin\zip.dll
0x00007ff83df90000 - 0x00007ff83e7ea000 	C:\WINDOWS\System32\SHELL32.dll
0x00007ff83aab0000 - 0x00007ff83b3a6000 	C:\WINDOWS\SYSTEM32\windows.storage.dll
0x00007ff83ea70000 - 0x00007ff83edf9000 	C:\WINDOWS\System32\combase.dll
0x00007ff83a940000 - 0x00007ff83aa7e000 	C:\WINDOWS\SYSTEM32\wintypes.dll
0x00007ff83e940000 - 0x00007ff83ea33000 	C:\WINDOWS\System32\SHCORE.dll
0x00007ff83e8e0000 - 0x00007ff83e93e000 	C:\WINDOWS\System32\shlwapi.dll
0x00007ff83d460000 - 0x00007ff83d486000 	C:\WINDOWS\SYSTEM32\profapi.dll
0x00007ff83ce80000 - 0x00007ff83d0b3000 	C:\WINDOWS\SYSTEM32\dbghelp.dll
0x00007ff83ee30000 - 0x00007ff83ef07000 	C:\WINDOWS\System32\OLEAUT32.dll
0x00007ff83d6c0000 - 0x00007ff83d73a000 	C:\WINDOWS\System32\bcryptPrimitives.dll

VM Arguments:
jvm_args: -Dfile.encoding=UTF-8 
java_command: model.Model
java_class_path (initial): D:\Cafe Management\build\classes
Launcher Type: SUN_STANDARD

Environment Variables:
JAVA_HOME=C:\Java\
PATH=C:\Java\bin;C:\ProgramData\Oracle\Java\javapath;C:\Windows\system32;C:\Windows;C:\Windows\System32\Wbem;C:\Windows\System32\WindowsPowerShell\v1.0\;C:\Windows\System32\OpenSSH\;C:\Program Files\dotnet\;C:\Program Files\Microsoft SQL Server\Client SDK\ODBC\170\Tools\Binn\;C:\WINDOWS\system32;C:\WINDOWS;C:\WINDOWS\System32\Wbem;C:\WINDOWS\System32\WindowsPowerShell\v1.0\;C:\WINDOWS\System32\OpenSSH\;C:\Program Files\NVIDIA Corporation\NVIDIA NvDLISR;C:\Program Files (x86)\NVIDIA Corporation\PhysX\Common;C:\Program Files (x86)\Microsoft SQL Server\160\Tools\Binn\;C:\Program Files\Microsoft SQL Server\160\Tools\Binn\;C:\Program Files\Microsoft SQL Server\160\DTS\Binn\;C:\Program Files\Azure Data Studio\bin;C:\Program Files (x86)\Microsoft SQL Server\160\DTS\Binn\;C:\Users\TRAN QUOC THAI\AppData\Local\Programs\Python\Python36-32\Scripts\;C:\Users\TRAN QUOC THAI\AppData\Local\Programs\Python\Python36-32\;C:\Users\TRAN QUOC THAI\AppData\Local\Microsoft\WindowsApps;C:\Users\TRAN QUOC THAI\.dotnet\tools;C:\Users\TRAN QUOC THAI\AppData\Local\Programs\Microsoft VS Code\bin;;C:\Program Files\Azure Data Studio\bin
USERNAME=TRAN QUOC THAI
OS=Windows_NT
PROCESSOR_IDENTIFIER=AMD64 Family 23 Model 96 Stepping 1, AuthenticAMD



---------------  S Y S T E M  ---------------

OS: Windows 10.0 , 64 bit Build 22621 (10.0.22621.2506)

CPU:total 16 (initial active 16) (16 cores per cpu, 1 threads per core) family 23 model 96 stepping 1, cmov, cx8, fxsr, mmx, sse, sse2, sse3, ssse3, sse4.1, sse4.2, popcnt, avx, avx2, aes, clmul, mmxext, 3dnowpref, lzcnt, sse4a, tsc, tscinvbit, tscinv, bmi1

Memory: 4k page, physical 7781492k(1128948k free), swap 22958644k(5368388k free)

vm_info: Java HotSpot(TM) 64-Bit Server VM (25.161-b12) for windows-amd64 JRE (1.8.0_161-b12), built on Dec 19 2017 17:52:25 by "java_re" with MS VC++ 10.0 (VS2010)

time: Fri Jan 26 14:30:46 2024
elapsed time: 0 seconds (0d 0h 0m 0s)

